<?xml version="1.0" encoding="UTF-8"?>
<testng-results skipped="0" failed="1" ignored="0" total="1" passed="0">
  <reporter-output>
  </reporter-output>
  <suite name="Default suite" duration-ms="7520" started-at="2021-01-07T14:36:41 IST" finished-at="2021-01-07T14:36:48 IST">
    <groups>
    </groups>
    <test name="Default test" duration-ms="7520" started-at="2021-01-07T14:36:41 IST" finished-at="2021-01-07T14:36:48 IST">
      <class name="com.qa.freecrm.calendar.testcases.CalendarTestCases">
        <test-method status="PASS" signature="LaunchBrowser()[pri:0, instance:com.qa.freecrm.calendar.testcases.CalendarTestCases@f2b07d]" name="LaunchBrowser" is-config="true" duration-ms="9796" started-at="2021-01-07T14:36:31 IST" finished-at="2021-01-07T14:36:41 IST">
          <reporter-output>
          </reporter-output>
        </test-method> <!-- LaunchBrowser -->
        <test-method status="PASS" signature="extentReportSetUp()[pri:0, instance:com.qa.freecrm.calendar.testcases.CalendarTestCases@f2b07d]" name="extentReportSetUp" is-config="true" duration-ms="147" started-at="2021-01-07T14:36:41 IST" finished-at="2021-01-07T14:36:41 IST">
          <reporter-output>
          </reporter-output>
        </test-method> <!-- extentReportSetUp -->
        <test-method status="FAIL" signature="CreateNewEventTest(java.lang.String, java.lang.String, java.lang.String, java.lang.String, java.lang.String, java.lang.String, java.lang.String, java.lang.String, java.lang.String, java.lang.String, java.lang.String, java.lang.String, java.lang.String, java.lang.String, java.lang.String, java.lang.String, java.lang.String, java.lang.String, java.lang.String)[pri:0, instance:com.qa.freecrm.calendar.testcases.CalendarTestCases@f2b07d]" name="CreateNewEventTest" duration-ms="6041" started-at="2021-01-07T14:36:42 IST" data-provider="createnewevent" finished-at="2021-01-07T14:36:48 IST">
          <params>
            <param index="0">
              <value>
                <![CDATA[1]]>
              </value>
            </param>
            <param index="1">
              <value>
                <![CDATA[My Meeting title]]>
              </value>
            </param>
            <param index="2">
              <value>
                <![CDATA[My Calender]]>
              </value>
            </param>
            <param index="3">
              <value>
                <![CDATA[Optional]]>
              </value>
            </param>
            <param index="4">
              <value>
                <![CDATA[23/01/2021 16:15]]>
              </value>
            </param>
            <param index="5">
              <value>
                <![CDATA[30/03/2021 22:30]]>
              </value>
            </param>
            <param index="6">
              <value>
                <![CDATA[standup meeting]]>
              </value>
            </param>
            <param index="7">
              <value>
                <![CDATA[My meeting Description]]>
              </value>
            </param>
            <param index="8">
              <value>
                <![CDATA[My meeting Location]]>
              </value>
            </param>
            <param index="9">
              <value>
                <![CDATA[Yes]]>
              </value>
            </param>
            <param index="10">
              <value>
                <![CDATA[client deal]]>
              </value>
            </param>
            <param index="11">
              <value>
                <![CDATA[client task]]>
              </value>
            </param>
            <param index="12">
              <value>
                <![CDATA[client case]]>
              </value>
            </param>
            <param index="13">
              <value>
                <![CDATA[1 Hour]]>
              </value>
            </param>
            <param index="14">
              <value>
                <![CDATA[50]]>
              </value>
            </param>
            <param index="15">
              <value>
                <![CDATA[Rajat P]]>
              </value>
            </param>
            <param index="16">
              <value>
                <![CDATA[Rahul Gupta]]>
              </value>
            </param>
            <param index="17">
              <value>
                <![CDATA[Google inc.]]>
              </value>
            </param>
            <param index="18">
              <value>
                <![CDATA[Google meeting Identifier]]>
              </value>
            </param>
          </params>
          <exception class="org.openqa.selenium.StaleElementReferenceException">
            <message>
              <![CDATA[stale element reference: element is not attached to the page document
  (Session info: chrome=87.0.4280.88)
For documentation on this error, please visit: https://www.seleniumhq.org/exceptions/stale_element_reference.html
Build info: version: '3.141.59', revision: 'e82be7d358', time: '2018-11-14T08:17:03'
System info: host: 'MY-PC', ip: '192.168.43.195', os.name: 'Windows 7', os.arch: 'x86', os.version: '6.1', java.version: '1.8.0_271'
Driver info: org.openqa.selenium.chrome.ChromeDriver
Capabilities {acceptInsecureCerts: false, browserName: chrome, browserVersion: 87.0.4280.88, chrome: {chromedriverVersion: 87.0.4280.88 (89e2380a3e36c..., userDataDir: C:\Users\My\AppData\Local\T...}, goog:chromeOptions: {debuggerAddress: localhost:56458}, javascriptEnabled: true, networkConnectionEnabled: false, pageLoadStrategy: normal, platform: WINDOWS, platformName: WINDOWS, proxy: Proxy(), setWindowRect: true, strictFileInteractability: false, timeouts: {implicit: 0, pageLoad: 300000, script: 30000}, unhandledPromptBehavior: dismiss and notify, webauthn:virtualAuthenticators: true}
Session ID: 2e769b77eb018aeec71fe5191ea92d49]]>
            </message>
            <full-stacktrace>
              <![CDATA[org.openqa.selenium.StaleElementReferenceException: stale element reference: element is not attached to the page document
  (Session info: chrome=87.0.4280.88)
For documentation on this error, please visit: https://www.seleniumhq.org/exceptions/stale_element_reference.html
Build info: version: '3.141.59', revision: 'e82be7d358', time: '2018-11-14T08:17:03'
System info: host: 'MY-PC', ip: '192.168.43.195', os.name: 'Windows 7', os.arch: 'x86', os.version: '6.1', java.version: '1.8.0_271'
Driver info: org.openqa.selenium.chrome.ChromeDriver
Capabilities {acceptInsecureCerts: false, browserName: chrome, browserVersion: 87.0.4280.88, chrome: {chromedriverVersion: 87.0.4280.88 (89e2380a3e36c..., userDataDir: C:\Users\My\AppData\Local\T...}, goog:chromeOptions: {debuggerAddress: localhost:56458}, javascriptEnabled: true, networkConnectionEnabled: false, pageLoadStrategy: normal, platform: WINDOWS, platformName: WINDOWS, proxy: Proxy(), setWindowRect: true, strictFileInteractability: false, timeouts: {implicit: 0, pageLoad: 300000, script: 30000}, unhandledPromptBehavior: dismiss and notify, webauthn:virtualAuthenticators: true}
Session ID: 2e769b77eb018aeec71fe5191ea92d49
at sun.reflect.NativeConstructorAccessorImpl.newInstance0(Native Method)
at sun.reflect.NativeConstructorAccessorImpl.newInstance(NativeConstructorAccessorImpl.java:62)
at sun.reflect.DelegatingConstructorAccessorImpl.newInstance(DelegatingConstructorAccessorImpl.java:45)
at java.lang.reflect.Constructor.newInstance(Constructor.java:423)
at org.openqa.selenium.remote.http.W3CHttpResponseCodec.createException(W3CHttpResponseCodec.java:187)
at org.openqa.selenium.remote.http.W3CHttpResponseCodec.decode(W3CHttpResponseCodec.java:122)
at org.openqa.selenium.remote.http.W3CHttpResponseCodec.decode(W3CHttpResponseCodec.java:49)
at org.openqa.selenium.remote.HttpCommandExecutor.execute(HttpCommandExecutor.java:158)
at org.openqa.selenium.remote.service.DriverCommandExecutor.execute(DriverCommandExecutor.java:83)
at org.openqa.selenium.remote.RemoteWebDriver.execute(RemoteWebDriver.java:552)
at org.openqa.selenium.remote.RemoteWebElement.execute(RemoteWebElement.java:285)
at org.openqa.selenium.remote.RemoteWebElement.isDisplayed(RemoteWebElement.java:326)
at com.qa.freecrm.calendar.pages.CalendarPages.enterTags(CalendarPages.java:141)
at com.qa.freecrm.calendar.pages.CalendarPages.enterCalendarDetails(CalendarPages.java:73)
at com.qa.freecrm.calendar.testcases.CalendarTestCases.CreateNewEventTest(CalendarTestCases.java:34)
at sun.reflect.NativeMethodAccessorImpl.invoke0(Native Method)
at sun.reflect.NativeMethodAccessorImpl.invoke(NativeMethodAccessorImpl.java:62)
at sun.reflect.DelegatingMethodAccessorImpl.invoke(DelegatingMethodAccessorImpl.java:43)
at java.lang.reflect.Method.invoke(Method.java:498)
at org.testng.internal.MethodInvocationHelper.invokeMethod(MethodInvocationHelper.java:132)
at org.testng.internal.TestInvoker.invokeMethod(TestInvoker.java:599)
at org.testng.internal.TestInvoker.invokeTestMethod(TestInvoker.java:174)
at org.testng.internal.MethodRunner.runInSequence(MethodRunner.java:46)
at org.testng.internal.TestInvoker$MethodInvocationAgent.invoke(TestInvoker.java:822)
at org.testng.internal.TestInvoker.invokeTestMethods(TestInvoker.java:147)
at org.testng.internal.TestMethodWorker.invokeTestMethods(TestMethodWorker.java:146)
at org.testng.internal.TestMethodWorker.run(TestMethodWorker.java:128)
at java.util.ArrayList.forEach(ArrayList.java:1259)
at org.testng.TestRunner.privateRun(TestRunner.java:764)
at org.testng.TestRunner.run(TestRunner.java:585)
at org.testng.SuiteRunner.runTest(SuiteRunner.java:384)
at org.testng.SuiteRunner.runSequentially(SuiteRunner.java:378)
at org.testng.SuiteRunner.privateRun(SuiteRunner.java:337)
at org.testng.SuiteRunner.run(SuiteRunner.java:286)
at org.testng.SuiteRunnerWorker.runSuite(SuiteRunnerWorker.java:53)
at org.testng.SuiteRunnerWorker.run(SuiteRunnerWorker.java:96)
at org.testng.TestNG.runSuitesSequentially(TestNG.java:1218)
at org.testng.TestNG.runSuitesLocally(TestNG.java:1140)
at org.testng.TestNG.runSuites(TestNG.java:1069)
at org.testng.TestNG.run(TestNG.java:1037)
at org.testng.remote.AbstractRemoteTestNG.run(AbstractRemoteTestNG.java:115)
at org.testng.remote.RemoteTestNG.initAndRun(RemoteTestNG.java:251)
at org.testng.remote.RemoteTestNG.main(RemoteTestNG.java:77)
]]>
            </full-stacktrace>
          </exception> <!-- org.openqa.selenium.StaleElementReferenceException -->
          <reporter-output>
          </reporter-output>
        </test-method> <!-- CreateNewEventTest -->
        <test-method status="PASS" signature="getResult(org.testng.ITestResult)[pri:0, instance:com.qa.freecrm.calendar.testcases.CalendarTestCases@f2b07d]" name="getResult" is-config="true" duration-ms="342" started-at="2021-01-07T14:36:48 IST" finished-at="2021-01-07T14:36:48 IST">
          <params>
            <param index="0">
              <value>
                <![CDATA[[TestResult name=CreateNewEventTest status=FAILURE method=CalendarTestCases.CreateNewEventTest(java.lang.String, java.lang.String, java.lang.String, java.lang.String, java.lang.String, java.lang.String, java.lang.String, java.lang.String, java.lang.String, java.lang.String, java.lang.String, java.lang.String, java.lang.String, java.lang.String, java.lang.String, java.lang.String, java.lang.String, java.lang.String, java.lang.String)[pri:0, instance:com.qa.freecrm.calendar.testcases.CalendarTestCases@f2b07d] output={null}]]]>
              </value>
            </param>
          </params>
          <reporter-output>
          </reporter-output>
        </test-method> <!-- getResult -->
        <test-method status="PASS" signature="endReport()[pri:0, instance:com.qa.freecrm.calendar.testcases.CalendarTestCases@f2b07d]" name="endReport" is-config="true" duration-ms="331" started-at="2021-01-07T14:36:48 IST" finished-at="2021-01-07T14:36:48 IST">
          <reporter-output>
          </reporter-output>
        </test-method> <!-- endReport -->
        <test-method status="PASS" signature="tearDown()[pri:0, instance:com.qa.freecrm.calendar.testcases.CalendarTestCases@f2b07d]" name="tearDown" is-config="true" duration-ms="743" started-at="2021-01-07T14:36:48 IST" finished-at="2021-01-07T14:36:49 IST">
          <reporter-output>
          </reporter-output>
        </test-method> <!-- tearDown -->
      </class> <!-- com.qa.freecrm.calendar.testcases.CalendarTestCases -->
    </test> <!-- Default test -->
  </suite> <!-- Default suite -->
</testng-results>
